Information: Propagating switching activity (low effort zero delay simulation). (PWR-6)
Warning: Design has unannotated primary inputs. (PWR-414)
Warning: Design has unannotated sequential cell outputs. (PWR-415)
 
****************************************
Report : power
        -hier
        -analysis_effort low
Design : mkdut
Version: U-2022.12
Date   : Mon Nov 10 10:25:00 2025
****************************************


Library(s) Used:

    saed32lvt_ss0p75v25c (File: /home/tools/pdk/SAED32nm_EDK_02_2024/lib/stdcell_lvt/db_nldm/saed32lvt_ss0p75v25c.db)


Operating Conditions: ss0p75v25c   Library: saed32lvt_ss0p75v25c
Wire Load Model Mode: enclosed

Design        Wire Load Model            Library
------------------------------------------------
mkdut                  16000             saed32lvt_ss0p75v25c
FIFO2_00000009_1       8000              saed32lvt_ss0p75v25c
FIFO2_00000044_1       8000              saed32lvt_ss0p75v25c
FIFO2_00000024_1       8000              saed32lvt_ss0p75v25c
FIFO2_00000026_1       8000              saed32lvt_ss0p75v25c
FIFO2_00000017_1       8000              saed32lvt_ss0p75v25c
FIFO2_00000016_1       8000              saed32lvt_ss0p75v25c
SNPS_CLOCK_GATE_HIGH_mkdut_12
                       ForQA             saed32lvt_ss0p75v25c
SNPS_CLOCK_GATE_HIGH_mkdut_11
                       ForQA             saed32lvt_ss0p75v25c
SNPS_CLOCK_GATE_HIGH_mkdut_10
                       ForQA             saed32lvt_ss0p75v25c
SNPS_CLOCK_GATE_HIGH_mkdut_9
                       ForQA             saed32lvt_ss0p75v25c
SNPS_CLOCK_GATE_HIGH_mkdut_8
                       ForQA             saed32lvt_ss0p75v25c
SNPS_CLOCK_GATE_HIGH_mkdut_7
                       ForQA             saed32lvt_ss0p75v25c
SNPS_CLOCK_GATE_HIGH_mkdut_6
                       ForQA             saed32lvt_ss0p75v25c
SNPS_CLOCK_GATE_HIGH_mkdut_5
                       ForQA             saed32lvt_ss0p75v25c
SNPS_CLOCK_GATE_HIGH_mkdut_4
                       ForQA             saed32lvt_ss0p75v25c
SNPS_CLOCK_GATE_HIGH_mkdut_3
                       ForQA             saed32lvt_ss0p75v25c
SNPS_CLOCK_GATE_HIGH_mkdut_2
                       ForQA             saed32lvt_ss0p75v25c
SNPS_CLOCK_GATE_HIGH_mkdut_1
                       ForQA             saed32lvt_ss0p75v25c
SNPS_CLOCK_GATE_HIGH_mkdut_0
                       ForQA             saed32lvt_ss0p75v25c
SNPS_CLOCK_GATE_HIGH_FIFO2_00000009_1_1
                       ForQA             saed32lvt_ss0p75v25c
SNPS_CLOCK_GATE_HIGH_FIFO2_00000009_1_0
                       ForQA             saed32lvt_ss0p75v25c
SNPS_CLOCK_GATE_HIGH_FIFO2_00000044_1_1
                       ForQA             saed32lvt_ss0p75v25c
SNPS_CLOCK_GATE_HIGH_FIFO2_00000044_1_0
                       ForQA             saed32lvt_ss0p75v25c
SNPS_CLOCK_GATE_HIGH_FIFO2_00000024_1_1
                       ForQA             saed32lvt_ss0p75v25c
SNPS_CLOCK_GATE_HIGH_FIFO2_00000024_1_0
                       ForQA             saed32lvt_ss0p75v25c
SNPS_CLOCK_GATE_HIGH_FIFO2_00000026_1_1
                       ForQA             saed32lvt_ss0p75v25c
SNPS_CLOCK_GATE_HIGH_FIFO2_00000026_1_0
                       ForQA             saed32lvt_ss0p75v25c
SNPS_CLOCK_GATE_HIGH_FIFO2_00000017_1_1
                       ForQA             saed32lvt_ss0p75v25c
SNPS_CLOCK_GATE_HIGH_FIFO2_00000017_1_0
                       ForQA             saed32lvt_ss0p75v25c
SNPS_CLOCK_GATE_HIGH_FIFO2_00000016_1_1
                       ForQA             saed32lvt_ss0p75v25c
SNPS_CLOCK_GATE_HIGH_FIFO2_00000016_1_0
                       ForQA             saed32lvt_ss0p75v25c


Global Operating Voltage = 0.75 
Power-specific unit information :
    Voltage Units = 1V
    Capacitance Units = 1.000000ff
    Time Units = 1ns
    Dynamic Power Units = 1uW    (derived from V,C,T units)
    Leakage Power Units = 1pW


--------------------------------------------------------------------------------
                                       Switch   Int      Leak     Total
Hierarchy                              Power    Power    Power    Power    %
--------------------------------------------------------------------------------
mkdut                                    39.853  238.365 2.43e+08  521.651 100.0
  preTrace_F (FIFO2_00000016_1)           0.332    2.187 1.11e+07   13.644   2.6
  preMem_F (FIFO2_00000017_1)             1.169    7.412 1.17e+07   20.259   3.9
  preMax_F (FIFO2_00000026_1)             1.835   11.240 2.07e+07   33.802   6.5
  preCom_F (FIFO2_00000024_1)             2.573   15.572 2.12e+07   39.319   7.5
  preAdd_F (FIFO2_00000044_1)             7.441   48.659 4.02e+07   96.300  18.5
  inp_F (FIFO2_00000009_1)                1.110    7.491 6.28e+06   14.886   2.9
1
